<component name="libraryTable">
  <library name="junit:junit:4.11" type="repository">
    <properties maven-id="junit:junit:4.11" />
    <CLASSES>
      <root url="jar://$PROJECT_DIR$/lib/powermock-junit4/junit-4.11.jar!/" />
      <root url="jar://$PROJECT_DIR$/lib/powermock-junit4/hamcrest-core-1.3.jar!/" />
    </CLASSES>
    <JAVADOC>
      <root url="jar://$PROJECT_DIR$/lib/powermock-junit4/junit-4.11-javadoc.jar!/" />
      <root url="jar://$PROJECT_DIR$/lib/powermock-junit4/hamcrest-core-1.3-javadoc.jar!/" />
    </JAVADOC>
    <SOURCES>
      <root url="jar://$PROJECT_DIR$/lib/powermock-junit4/junit-4.11-sources.jar!/" />
      <root url="jar://$PROJECT_DIR$/lib/powermock-junit4/hamcrest-core-1.3-sources.jar!/" />
    </SOURCES>
  </library>
</component>